[>>> Start : Thu Oct  5 16:19:04     2023 <<<]
warning: in the working copy of 'log/push_changes_log/logfile.log', LF will be replaced by CRLF the next time Git touches it
warning: in the working copy of 'log/push_changes_log/logfiletmp.log', LF will be replaced by CRLF the next time Git touches it
[main 01bbffe] Automated commit
 3 files changed, 12 insertions(+), 2 deletions(-)
To github.com:wxdespair/templates.git
   131739f..01bbffe  main -> main
[>>> End : Thu Oct  5 16:19:10     2023 <<<]


[>>> Start : Thu Oct  5 16:13:43     2023 <<<]
warning: in the working copy of 'log/push_changes_log/logfile.log', LF will be replaced by CRLF the next time Git touches it
warning: in the working copy of 'log/push_changes_log/logfiletmp.log', LF will be replaced by CRLF the next time Git touches it
warning: in the working copy of 'push_changes.sh', LF will be replaced by CRLF the next time Git touches it
[main 131739f] Automated commit
 3 files changed, 18 insertions(+), 1 deletion(-)
To github.com:wxdespair/templates.git
   d766a4b..131739f  main -> main
[>>> End : Thu Oct  5 16:13:48     2023 <<<]


[>>> Start : Thu Oct  5 16:12:57     2023 <<<]
warning: in the working copy of 'log/push_changes_log/logfile.log', LF will be replaced by CRLF the next time Git touches it
warning: in the working copy of 'log/push_changes_log/logfiletmp.log', LF will be replaced by CRLF the next time Git touches it
[main d766a4b] Automated commit
 8 files changed, 121 insertions(+), 1 deletion(-)
 create mode 100644 python.template/ProjectArchitecture/README.md
 create mode 100644 python.template/ProjectArchitecture/requirements.txt
 create mode 100644 python.template/ProjectArchitecture/tools/print_docstring.py
 create mode 100644 python.template/ProjectArchitecture/tools/update_readme.py
 create mode 100644 tools/update_readme.py
To github.com:wxdespair/templates.git
   98589c0..d766a4b  main -> main
[>>> End : Thu Oct  5 16:13:03     2023 <<<]


[>>> Start : Thu Aug 31 10:25:46     2023 <<<]
warning: in the working copy of 'log/push_changes_log/logfile.log', LF will be replaced by CRLF the next time Git touches it
warning: in the working copy of 'push_changes.sh', LF will be replaced by CRLF the next time Git touches it
warning: in the working copy of 'log/push_changes_log/logfiletmp.log', LF will be replaced by CRLF the next time Git touches it
[main 98589c0] Automated commit
 3 files changed, 14 insertions(+), 4 deletions(-)
 create mode 100644 log/push_changes_log/logfiletmp.log
To github.com:wxdespair/templates.git
   1a58248..98589c0  main -> main
[>>> End : Thu Aug 31 10:25:55     2023 <<<]


[>>> End : Thu Aug 31 10:24:27     2023 <<<]


[ Script started at Mon Aug 14 11:02:04     2023 ]
warning: in the working copy of 'log/push_changes_log/logfile.log', LF will be replaced by CRLF the next time Git touches it
warning: in the working copy of 'push_changes.sh', LF will be replaced by CRLF the next time Git touches it
[main 8718d40] Automated commit
 2 files changed, 4 insertions(+), 6 deletions(-)
To github.com:wxdespair/templates.git
   8faef21..8718d40  main -> main
[ Script ended at Mon Aug 14 11:02:13     2023 ]


[>>> Script started at Mon Aug 14 11:03:24     2023 <<<]
warning: in the working copy of 'log/push_changes_log/logfile.log', LF will be replaced by CRLF the next time Git touches it
warning: in the working copy of 'push_changes.sh', LF will be replaced by CRLF the next time Git touches it
[main a0300db] Automated commit
 2 files changed, 12 insertions(+), 2 deletions(-)
To github.com:wxdespair/templates.git
   8718d40..a0300db  main -> main
[>>> Script ended at Mon Aug 14 11:03:28     2023 <<<]


[>>> Start : Mon Aug 14 11:12:08     2023 <<<]
warning: in the working copy of 'log/push_changes_log/logfile.log', LF will be replaced by CRLF the next time Git touches it
warning: in the working copy of 'push_changes.sh', LF will be replaced by CRLF the next time Git touches it
[main 900d693] Automated commit
 2 files changed, 12 insertions(+), 2 deletions(-)
To github.com:wxdespair/templates.git
   a0300db..900d693  main -> main
[>>> End : Mon Aug 14 11:12:12     2023 <<<]


[>>> Start : Mon Aug 14 13:14:14     2023 <<<]
warning: in the working copy of 'log/push_changes_log/logfile.log', LF will be replaced by CRLF the next time Git touches it
[main 1a53d14] Automated commit
 2 files changed, 41 insertions(+)
 create mode 100644 blog.template.md
To github.com:wxdespair/templates.git
   900d693..1a53d14  main -> main
[>>> End : Mon Aug 14 13:14:20     2023 <<<]


[>>> Start : Wed Aug 16 15:55:02     2023 <<<]
warning: in the working copy of 'log/push_changes_log/logfile.log', LF will be replaced by CRLF the next time Git touches it
[main f63f160] Automated commit
 3 files changed, 117 insertions(+), 1 deletion(-)
 rename blog.template.md => blog.template/blog.template.md (99%)
 create mode 100644 python.template/matplotlib.plot1.template.py
To github.com:wxdespair/templates.git
   1a53d14..f63f160  main -> main
[>>> End : Wed Aug 16 15:55:07     2023 <<<]


[>>> Start : Wed Aug 16 16:12:47     2023 <<<]
warning: in the working copy of 'log/push_changes_log/logfile.log', LF will be replaced by CRLF the next time Git touches it
[main 3979c33] Automated commit
 3 files changed, 13 insertions(+)
 create mode 100644 blog.template/images/test.jpg
To github.com:wxdespair/templates.git
   f63f160..3979c33  main -> main
[>>> End : Wed Aug 16 16:12:53     2023 <<<]


[>>> Start : Thu Aug 17 08:46:26     2023 <<<]
warning: in the working copy of 'log/push_changes_log/logfile.log', LF will be replaced by CRLF the next time Git touches it
[main 30b4259] Automated commit
 2 files changed, 14 insertions(+), 2 deletions(-)
To github.com:wxdespair/templates.git
   3979c33..30b4259  main -> main
[>>> End : Thu Aug 17 08:46:31     2023 <<<]


[>>> Start : Thu Aug 17 13:01:36     2023 <<<]
warning: in the working copy of 'log/push_changes_log/logfile.log', LF will be replaced by CRLF the next time Git touches it
[main 4ae73ef] Automated commit
 2 files changed, 17 insertions(+), 1 deletion(-)
To github.com:wxdespair/templates.git
   30b4259..4ae73ef  main -> main
[>>> End : Thu Aug 17 13:01:41     2023 <<<]


[>>> Start : Thu Aug 31 10:16:33     2023 <<<]
warning: in the working copy of 'log/push_changes_log/logfile.log', LF will be replaced by CRLF the next time Git touches it
[main d16fa6e] Automated commit
 3 files changed, 263 insertions(+), 116 deletions(-)
 delete mode 100644 python.template/matplotlib.plot1.template.py
 create mode 100644 python.template/matplotlib/matplotlib.plot1.template.py
To github.com:wxdespair/templates.git
   4ae73ef..d16fa6e  main -> main
[>>> End : Thu Aug 31 10:16:39     2023 <<<]


[>>> Start : Thu Aug 31 10:18:43     2023 <<<]
warning: in the working copy of 'log/push_changes_log/logfile.log', LF will be replaced by CRLF the next time Git touches it
[main 4b8dc70] Automated commit
 2 files changed, 69 insertions(+)
 create mode 100644 python.template/matplotlib/matplotlib.plotn.template.py
To github.com:wxdespair/templates.git
   d16fa6e..4b8dc70  main -> main
[>>> End : Thu Aug 31 10:18:48     2023 <<<]


[>>> Start : Thu Aug 31 10:24:22     2023 <<<]
warning: in the working copy of 'log/push_changes_log/logfile.log', LF will be replaced by CRLF the next time Git touches it
warning: in the working copy of 'push_changes.sh', LF will be replaced by CRLF the next time Git touches it
[main 1a58248] Automated commit
 2 files changed, 17 insertions(+), 3 deletions(-)
To github.com:wxdespair/templates.git
   4b8dc70..1a58248  main -> main
